<?xml version="1.0" encoding="UTF-8"?>
<!-- Generated by org.testng.reporters.JUnitReportReporter -->
<testsuite skipped="0" hostname="Kaveri-sabareesh" name="com.qa.alibabatestdata.TC_Alibaba" tests="1" failures="0" timestamp="2021-05-06T09:31:40 IST" time="25.428" errors="0">
  <testcase name="Alibaba" time="25.428" classname="com.qa.alibabatestdata.TC_Alibaba"/>
  <system-out>
checkin Box is selected  </system-out>
</testsuite> <!-- com.qa.alibabatestdata.TC_Alibaba -->
